<?xml version="1.0" encoding="UTF-8"?>
<!-- Generated by org.testng.reporters.JUnitReportReporter -->
<testsuite hostname="HP-pavilion-14-plus" failures="0" tests="2" name="Basic.DemoTest" time="7.383" errors="0" timestamp="2023-12-04T11:00:04 IST" skipped="0">
  <testcase classname="Basic.DemoTest" name="swiggy" time="4.130"/>
  <testcase classname="Basic.DemoTest" name="zomato" time="3.253"/>
</testsuite> <!-- Basic.DemoTest -->
