<?xml version="1.0" encoding="UTF-8"?>
<!-- Generated by org.testng.reporters.JUnitReportReporter -->
<testsuite hostname="HP-pavilion-14-plus" failures="0" tests="1" name="Basic.DemoTest" time="4.906" errors="0" timestamp="2023-12-01T09:38:15 IST" skipped="0">
  <testcase classname="Basic.DemoTest" name="FacebookTest" time="4.906"/>
</testsuite> <!-- Basic.DemoTest -->
