<?xml version="1.0" encoding="UTF-8"?>
<!-- Generated by org.testng.reporters.JUnitReportReporter -->
<testsuite hostname="HP-pavilion-14-plus" failures="0" tests="1" name="Basic.ReadingDataFromPropertiesFile" time="6.301" errors="0" timestamp="2023-12-04T10:43:51 IST" skipped="0">
  <testcase classname="Basic.ReadingDataFromPropertiesFile" name="vitigercrm" time="6.301"/>
</testsuite> <!-- Basic.ReadingDataFromPropertiesFile -->
